C:\Program Files (x86)\Microsoft Visual Studio\2019\Enterprise\MSBuild\Current\Bin\Microsoft.Common.CurrentVersion.targets(1967,5): warning : The referenced project 'C:\Users\student\Desktop\bullet3\build_x86\ZERO_CHECK.vcxproj' does not exist.
C:\Program Files (x86)\Microsoft Visual Studio\2019\Enterprise\MSBuild\Current\Bin\Microsoft.Common.CurrentVersion.targets(1967,5): warning : The referenced project 'C:\Users\student\Desktop\bullet3\build_x86\examples\BasicDemo\AppBasicExampleGui.vcxproj' does not exist.
C:\Program Files (x86)\Microsoft Visual Studio\2019\Enterprise\MSBuild\Current\Bin\Microsoft.Common.CurrentVersion.targets(1967,5): warning : The referenced project 'C:\Users\student\Desktop\bullet3\build_x86\examples\BasicDemo\App_BasicExample.vcxproj' does not exist.
C:\Program Files (x86)\Microsoft Visual Studio\2019\Enterprise\MSBuild\Current\Bin\Microsoft.Common.CurrentVersion.targets(1967,5): warning : The referenced project 'C:\Users\student\Desktop\bullet3\build_x86\examples\ExampleBrowser\App_ExampleBrowser.vcxproj' does not exist.
C:\Program Files (x86)\Microsoft Visual Studio\2019\Enterprise\MSBuild\Current\Bin\Microsoft.Common.CurrentVersion.targets(1967,5): warning : The referenced project 'C:\Users\student\Desktop\bullet3\build_x86\examples\RobotSimulator\App_HelloBulletRobotics.vcxproj' does not exist.
C:\Program Files (x86)\Microsoft Visual Studio\2019\Enterprise\MSBuild\Current\Bin\Microsoft.Common.CurrentVersion.targets(1967,5): warning : The referenced project 'C:\Users\student\Desktop\bullet3\build_x86\examples\HelloWorld\App_HelloWorld.vcxproj' does not exist.
C:\Program Files (x86)\Microsoft Visual Studio\2019\Enterprise\MSBuild\Current\Bin\Microsoft.Common.CurrentVersion.targets(1967,5): warning : The referenced project 'C:\Users\student\Desktop\bullet3\build_x86\examples\SharedMemory\App_PhysicsServer_SharedMemory.vcxproj' does not exist.
C:\Program Files (x86)\Microsoft Visual Studio\2019\Enterprise\MSBuild\Current\Bin\Microsoft.Common.CurrentVersion.targets(1967,5): warning : The referenced project 'C:\Users\student\Desktop\bullet3\build_x86\examples\SharedMemory\App_PhysicsServer_SharedMemory_GUI.vcxproj' does not exist.
C:\Program Files (x86)\Microsoft Visual Studio\2019\Enterprise\MSBuild\Current\Bin\Microsoft.Common.CurrentVersion.targets(1967,5): warning : The referenced project 'C:\Users\student\Desktop\bullet3\build_x86\examples\RobotSimulator\App_RobotSimulator.vcxproj' does not exist.
C:\Program Files (x86)\Microsoft Visual Studio\2019\Enterprise\MSBuild\Current\Bin\Microsoft.Common.CurrentVersion.targets(1967,5): warning : The referenced project 'C:\Users\student\Desktop\bullet3\build_x86\examples\RobotSimulator\App_RobotSimulator_NoGUI.vcxproj' does not exist.
C:\Program Files (x86)\Microsoft Visual Studio\2019\Enterprise\MSBuild\Current\Bin\Microsoft.Common.CurrentVersion.targets(1967,5): warning : The referenced project 'C:\Users\student\Desktop\bullet3\build_x86\examples\TwoJoint\App_TwoJoint.vcxproj' does not exist.
C:\Program Files (x86)\Microsoft Visual Studio\2019\Enterprise\MSBuild\Current\Bin\Microsoft.Common.CurrentVersion.targets(1967,5): warning : The referenced project 'C:\Users\student\Desktop\bullet3\build_x86\Extras\obj2sdf\App_obj2sdf.vcxproj' does not exist.
C:\Program Files (x86)\Microsoft Visual Studio\2019\Enterprise\MSBuild\Current\Bin\Microsoft.Common.CurrentVersion.targets(1967,5): warning : The referenced project 'C:\Users\student\Desktop\bullet3\build_x86\src\Bullet3Serialize\Bullet2FileLoader\Bullet2FileLoader.vcxproj' does not exist.
C:\Program Files (x86)\Microsoft Visual Studio\2019\Enterprise\MSBuild\Current\Bin\Microsoft.Common.CurrentVersion.targets(1967,5): warning : The referenced project 'C:\Users\student\Desktop\bullet3\build_x86\src\Bullet3Collision\Bullet3Collision.vcxproj' does not exist.
C:\Program Files (x86)\Microsoft Visual Studio\2019\Enterprise\MSBuild\Current\Bin\Microsoft.Common.CurrentVersion.targets(1967,5): warning : The referenced project 'C:\Users\student\Desktop\bullet3\build_x86\src\Bullet3Common\Bullet3Common.vcxproj' does not exist.
C:\Program Files (x86)\Microsoft Visual Studio\2019\Enterprise\MSBuild\Current\Bin\Microsoft.Common.CurrentVersion.targets(1967,5): warning : The referenced project 'C:\Users\student\Desktop\bullet3\build_x86\src\Bullet3Dynamics\Bullet3Dynamics.vcxproj' does not exist.
C:\Program Files (x86)\Microsoft Visual Studio\2019\Enterprise\MSBuild\Current\Bin\Microsoft.Common.CurrentVersion.targets(1967,5): warning : The referenced project 'C:\Users\student\Desktop\bullet3\build_x86\src\Bullet3Geometry\Bullet3Geometry.vcxproj' does not exist.
C:\Program Files (x86)\Microsoft Visual Studio\2019\Enterprise\MSBuild\Current\Bin\Microsoft.Common.CurrentVersion.targets(1967,5): warning : The referenced project 'C:\Users\student\Desktop\bullet3\build_x86\src\Bullet3OpenCL\Bullet3OpenCL_clew.vcxproj' does not exist.
C:\Program Files (x86)\Microsoft Visual Studio\2019\Enterprise\MSBuild\Current\Bin\Microsoft.Common.CurrentVersion.targets(1967,5): warning : The referenced project 'C:\Users\student\Desktop\bullet3\build_x86\src\BulletCollision\BulletCollision.vcxproj' does not exist.
C:\Program Files (x86)\Microsoft Visual Studio\2019\Enterprise\MSBuild\Current\Bin\Microsoft.Common.CurrentVersion.targets(1967,5): warning : The referenced project 'C:\Users\student\Desktop\bullet3\build_x86\src\BulletDynamics\BulletDynamics.vcxproj' does not exist.
C:\Program Files (x86)\Microsoft Visual Studio\2019\Enterprise\MSBuild\Current\Bin\Microsoft.Common.CurrentVersion.targets(1967,5): warning : The referenced project 'C:\Users\student\Desktop\bullet3\build_x86\examples\ExampleBrowser\BulletExampleBrowserLib.vcxproj' does not exist.
C:\Program Files (x86)\Microsoft Visual Studio\2019\Enterprise\MSBuild\Current\Bin\Microsoft.Common.CurrentVersion.targets(1967,5): warning : The referenced project 'C:\Users\student\Desktop\bullet3\build_x86\Extras\Serialize\BulletFileLoader\BulletFileLoader.vcxproj' does not exist.
C:\Program Files (x86)\Microsoft Visual Studio\2019\Enterprise\MSBuild\Current\Bin\Microsoft.Common.CurrentVersion.targets(1967,5): warning : The referenced project 'C:\Users\student\Desktop\bullet3\build_x86\src\BulletInverseDynamics\BulletInverseDynamics.vcxproj' does not exist.
C:\Program Files (x86)\Microsoft Visual Studio\2019\Enterprise\MSBuild\Current\Bin\Microsoft.Common.CurrentVersion.targets(1967,5): warning : The referenced project 'C:\Users\student\Desktop\bullet3\build_x86\Extras\InverseDynamics\BulletInverseDynamicsUtils.vcxproj' does not exist.
C:\Program Files (x86)\Microsoft Visual Studio\2019\Enterprise\MSBuild\Current\Bin\Microsoft.Common.CurrentVersion.targets(1967,5): warning : The referenced project 'C:\Users\student\Desktop\bullet3\build_x86\Extras\BulletRobotics\BulletRobotics.vcxproj' does not exist.
C:\Program Files (x86)\Microsoft Visual Studio\2019\Enterprise\MSBuild\Current\Bin\Microsoft.Common.CurrentVersion.targets(1967,5): warning : The referenced project 'C:\Users\student\Desktop\bullet3\build_x86\Extras\BulletRoboticsGUI\BulletRoboticsGUI.vcxproj' does not exist.
C:\Program Files (x86)\Microsoft Visual Studio\2019\Enterprise\MSBuild\Current\Bin\Microsoft.Common.CurrentVersion.targets(1967,5): warning : The referenced project 'C:\Users\student\Desktop\bullet3\build_x86\src\BulletSoftBody\BulletSoftBody.vcxproj' does not exist.
C:\Program Files (x86)\Microsoft Visual Studio\2019\Enterprise\MSBuild\Current\Bin\Microsoft.Common.CurrentVersion.targets(1967,5): warning : The referenced project 'C:\Users\student\Desktop\bullet3\build_x86\Extras\Serialize\BulletWorldImporter\BulletWorldImporter.vcxproj' does not exist.
C:\Program Files (x86)\Microsoft Visual Studio\2019\Enterprise\MSBuild\Current\Bin\Microsoft.Common.CurrentVersion.targets(1967,5): warning : The referenced project 'C:\Users\student\Desktop\bullet3\build_x86\Extras\Serialize\BulletXmlWorldImporter\BulletXmlWorldImporter.vcxproj' does not exist.
C:\Program Files (x86)\Microsoft Visual Studio\2019\Enterprise\MSBuild\Current\Bin\Microsoft.Common.CurrentVersion.targets(1967,5): warning : The referenced project 'C:\Users\student\Desktop\bullet3\build_x86\examples\ThirdPartyLibs\BussIK\BussIK.vcxproj' does not exist.
C:\Program Files (x86)\Microsoft Visual Studio\2019\Enterprise\MSBuild\Current\Bin\Microsoft.Common.CurrentVersion.targets(1967,5): warning : The referenced project 'C:\Users\student\Desktop\bullet3\build_x86\Extras\ConvexDecomposition\ConvexDecomposition.vcxproj' does not exist.
C:\Program Files (x86)\Microsoft Visual Studio\2019\Enterprise\MSBuild\Current\Bin\Microsoft.Common.CurrentVersion.targets(1967,5): warning : The referenced project 'C:\Users\student\Desktop\bullet3\build_x86\Extras\GIMPACTUtils\GIMPACTUtils.vcxproj' does not exist.
C:\Program Files (x86)\Microsoft Visual Studio\2019\Enterprise\MSBuild\Current\Bin\Microsoft.Common.CurrentVersion.targets(1967,5): warning : The referenced project 'C:\Users\student\Desktop\bullet3\build_x86\Extras\HACD\HACD.vcxproj' does not exist.
C:\Program Files (x86)\Microsoft Visual Studio\2019\Enterprise\MSBuild\Current\Bin\Microsoft.Common.CurrentVersion.targets(1967,5): warning : The referenced project 'C:\Users\student\Desktop\bullet3\build_x86\src\LinearMath\LinearMath.vcxproj' does not exist.
C:\Program Files (x86)\Microsoft Visual Studio\2019\Enterprise\MSBuild\Current\Bin\Microsoft.Common.CurrentVersion.targets(1967,5): warning : The referenced project 'C:\Users\student\Desktop\bullet3\build_x86\examples\OpenGLWindow\OpenGLWindow.vcxproj' does not exist.
C:\Program Files (x86)\Microsoft Visual Studio\2019\Enterprise\MSBuild\Current\Bin\Microsoft.Common.CurrentVersion.targets(1967,5): warning : The referenced project 'C:\Users\student\Desktop\bullet3\build_x86\test\BulletDynamics\pendulum\Test_BulletDynamics.vcxproj' does not exist.
C:\Program Files (x86)\Microsoft Visual Studio\2019\Enterprise\MSBuild\Current\Bin\Microsoft.Common.CurrentVersion.targets(1967,5): warning : The referenced project 'C:\Users\student\Desktop\bullet3\build_x86\test\InverseDynamics\Test_BulletInverseDynamics.vcxproj' does not exist.
C:\Program Files (x86)\Microsoft Visual Studio\2019\Enterprise\MSBuild\Current\Bin\Microsoft.Common.CurrentVersion.targets(1967,5): warning : The referenced project 'C:\Users\student\Desktop\bullet3\build_x86\test\InverseDynamics\Test_BulletInverseDynamicsJacobian.vcxproj' does not exist.
C:\Program Files (x86)\Microsoft Visual Studio\2019\Enterprise\MSBuild\Current\Bin\Microsoft.Common.CurrentVersion.targets(1967,5): warning : The referenced project 'C:\Users\student\Desktop\bullet3\build_x86\test\InverseDynamics\Test_BulletInverseForwardDynamics.vcxproj' does not exist.
C:\Program Files (x86)\Microsoft Visual Studio\2019\Enterprise\MSBuild\Current\Bin\Microsoft.Common.CurrentVersion.targets(1967,5): warning : The referenced project 'C:\Users\student\Desktop\bullet3\build_x86\test\collision\Test_Collision.vcxproj' does not exist.
C:\Program Files (x86)\Microsoft Visual Studio\2019\Enterprise\MSBuild\Current\Bin\Microsoft.Common.CurrentVersion.targets(1967,5): warning : The referenced project 'C:\Users\student\Desktop\bullet3\build_x86\test\SharedMemory\Test_PhysicsClientServer.vcxproj' does not exist.
C:\Program Files (x86)\Microsoft Visual Studio\2019\Enterprise\MSBuild\Current\Bin\Microsoft.Common.CurrentVersion.targets(1967,5): warning : The referenced project 'C:\Users\student\Desktop\bullet3\build_x86\test\BulletDynamics\Test_btKinematicCharacterController.vcxproj' does not exist.
C:\Program Files (x86)\Microsoft Visual Studio\2019\Enterprise\MSBuild\Current\Bin\Microsoft.Common.CurrentVersion.targets(1967,5): warning : The referenced project 'C:\Users\student\Desktop\bullet3\build_x86\examples\ThirdPartyLibs\clsocket\clsocket.vcxproj' does not exist.
C:\Program Files (x86)\Microsoft Visual Studio\2019\Enterprise\MSBuild\Current\Bin\Microsoft.Common.CurrentVersion.targets(1967,5): warning : The referenced project 'C:\Users\student\Desktop\bullet3\build_x86\test\gtest-1.7.0\gtest.vcxproj' does not exist.
C:\Program Files (x86)\Microsoft Visual Studio\2019\Enterprise\MSBuild\Current\Bin\Microsoft.Common.CurrentVersion.targets(1967,5): warning : The referenced project 'C:\Users\student\Desktop\bullet3\build_x86\examples\ThirdPartyLibs\Gwen\gwen.vcxproj' does not exist.
  Building Custom Rule C:/Users/student/Desktop/bullet3/CMakeLists.txt
  CMake is re-running because C:/Users/student/Desktop/bullet3/build_x86/CMakeFiles/generate.stamp dependency file is missing.
CUSTOMBUILD : CMake error : The source directory "C:/Users/student/Desktop/bullet3" does not appear to contain CMakeLists.txt.
  Specify --help for usage, or press the help button on the CMake GUI.
C:\Program Files (x86)\Microsoft Visual Studio\2019\Enterprise\MSBuild\Microsoft\VC\v160\Microsoft.CppCommon.targets(241,5): error MSB8066: 'C:\Users\student\Desktop\bullet3\CMakeLists.txt' のカスタム ビルドがコード 1 で終了しました。
